Arguments: 
  C:\Program Files\nodejs\node.exe C:\Users\justi\AppData\Roaming\npm\node_modules\yarn\bin\yarn.js

PATH: 
  C:\Windows\system32;C:\Windows;C:\Windows\System32\Wbem;C:\Windows\System32\WindowsPowerShell\v1.0\;C:\Windows\System32\OpenSSH\;C:\WINDOWS\system32;C:\WINDOWS;C:\WINDOWS\System32\Wbem;C:\WINDOWS\System32\WindowsPowerShell\v1.0\;C:\WINDOWS\System32\OpenSSH\;C:\Program Files\Git\cmd;C:\Program Files (x86)\NVIDIA Corporation\PhysX\Common;C:\Program Files\dotnet\;C:\Program Files\MATLAB\R2022a\bin;C:\Program Files\nodejs\;C:\Program Files (x86)\dotnet\;C:\MAMP\bin\php\php7.4.16;C:\ProgramData\ComposerSetup\bin;C:\ProgramData\chocolatey\bin;;C:\Program Files\NVIDIA Corporation\NVIDIA NvDLISR;C:\Program Files\Certbot\bin;C:\Program Files\dotnet;C:\Users\justi\.cargo\bin;C:\Users\justi\AppData\Local\Programs\Python\Python39\Scripts\;C:\Users\justi\AppData\Local\Programs\Python\Python39\;C:\Users\justi\AppData\Local\Microsoft\WindowsApps;C:\Users\justi\AppData\Local\Programs\Microsoft VS Code\bin;C:\Users\justi\programming_apps\flutter_windows_2.5.3-stable\flutter\bin;C:\Users\justi\.dotnet\tools;C:\Program Files\heroku\bin;C:\Users\justi\AppData\Roaming\npm;C:\Users\justi\AppData\Roaming\Composer\vendor\bin;C:\Users\justi\AppData\Local\Programs\Hyper\resources\bin

Yarn version: 
  1.22.19

Node version: 
  16.15.1

Platform: 
  win32 x64

Trace: 
  SyntaxError: C:\Users\justi\programming\tp-games-lib\package.json: Unexpected token } in JSON at position 1275
      at JSON.parse (<anonymous>)
      at C:\Users\justi\AppData\Roaming\npm\node_modules\yarn\lib\cli.js:1629:59
      at Generator.next (<anonymous>)
      at step (C:\Users\justi\AppData\Roaming\npm\node_modules\yarn\lib\cli.js:310:30)
      at C:\Users\justi\AppData\Roaming\npm\node_modules\yarn\lib\cli.js:321:13

npm manifest: 
  {
    "name": "tp-games",
    "version": "0.0.0",
    "author": "Justin Fernald",
    "homepage": "https://justinfernald.github.io/tp-games-lib",
    "scripts": {
      "dev": "vite --host --port 4040 -c vite.config.ts",
      "dev-c": "vite --host --port 4041 -c vite.controller.config.ts",
      "dev-h": "vite --host --port 4042 -c vite.hoster.config.ts",
      "lt": "npx localtunnel --port 4040",
      "lt-c": "npx localtunnel --port 4041",
      "lt-h": "npx localtunnel --port 4042",
      "dev-lt": "concurrently \"yarn dev-b\" \"yarn lt-b\"",
      "dev-c-lt": "concurrently \"yarn dev-c\" \"yarn lt-c\"",
      "dev-h-lt": "concurrently \"yarn dev-h\" \"yarn lt-h\"",
      "build": "tsc && vite build",
      "serve": "vite preview",
      "lint:check": "eslint .",
      "lint:fix": "eslint . --fix",
      "lint:format": "prettier . --list-different --write",
      "lint": "yarn lint:format && yarn lint:fix ",
      "lint:pre-commit": "eslint . --max-warnings=0",
      "type-check": "tsc",
      "storybook": "start-storybook -p 6006",
      "build-storybook": "build-storybook"
    },
    "dependencies": {
      "@emotion/react": "^11.10.6",
      "@types/node": "^18.15.10",
      "firebase": "^9.19.1",
      "mobx": "^6.8.0",
      "mobx-react-lite": "^3.4.3",
      "react": "^18.2.0",
      "react-dom": "^18.2.0",
    },
    "devDependencies": {
      "@babel/core": "^7.21.4",
      "@emotion/babel-plugin": "^11.10.6",
      "@storybook/addon-actions": "^7.0.5",
      "@storybook/addon-essentials": "^7.0.7",
      "@storybook/addon-interactions": "^7.0.7",
      "@storybook/addon-links": "^6.5.16",
      "@storybook/builder-vite": "^7.0.7",
      "@storybook/react": "^6.5.16",
      "@storybook/testing-library": "^0.0.13",
      "@types/react": "^18.0.30",
      "@types/react-dom": "^18.0.11",
      "@types/w3c-generic-sensor": "^1.0.6",
      "@typescript-eslint/eslint-plugin": "^5.49.0",
      "@typescript-eslint/parser": "^5.59.0",
      "@vitejs/plugin-react": "^3.0.1",
      "babel-loader": "^9.1.2",
      "concurrently": "^8.0.1",
      "eslint": "^8.35.0",
      "eslint-config-prettier": "^8.8.0",
      "eslint-plugin-import": "^2.27.5",
      "eslint-plugin-jsx-a11y": "^6.7.1",
      "eslint-plugin-prettier": "^4.2.1",
      "eslint-plugin-react": "^7.32.2",
      "eslint-plugin-simple-import-sort": "^10.0.0",
      "eslint-plugin-storybook": "^0.6.10",
      "pre-commit": "^1.2.2",
      "prettier": "^2.8.7",
      "rollup-plugin-obfuscator": "^0.2.2",
      "storybook-dark-mode": "^3.0.0",
      "typescript": "^5.0.4",
      "vite": "^4.3.3"
    },
    "pre-commit": "lint:pre-commit",
    "license": "MIT"
  }

yarn manifest: 
  No manifest

Lockfile: 
  No lockfile
